[2024-12-10 09:29:17] main.INFO: 0 cron jobs were cleaned [] []
[2024-12-10 09:29:19] main.INFO: Cron Job indexer_reindex_all_invalid is run [] []
[2024-12-10 09:29:19] main.INFO: Cron Job indexer_reindex_all_invalid is successfully finished. Statistics: {"sum":0.095043897628784,"count":1,"realmem":2097152,"emalloc":542712,"realmem_start":52953088,"emalloc_start":51004008} [] []
[2024-12-10 09:29:19] main.INFO: Cron Job indexer_update_all_views is run [] []
[2024-12-10 09:29:19] main.INFO: Cron Job yotpo_yotpo_orders_sync is run [] []
[2024-12-10 09:29:19] main.INFO: Cron Job yotpo_yotpo_orders_sync is successfully finished. Statistics: {"sum":0.27598094940186,"count":1,"realmem":0,"emalloc":320200,"realmem_start":52953088,"emalloc_start":50947392} [] []
[2024-12-10 09:29:19] main.INFO: Cron Job indexer_update_all_views is successfully finished. Statistics: {"sum":0.31869792938232,"count":1,"realmem":0,"emalloc":243312,"realmem_start":55050240,"emalloc_start":51549296} [] []
[2024-12-10 09:29:19] main.INFO: Cron Job consumers_runner is run [] []
[2024-12-10 09:29:19] main.INFO: Cron Job consumers_runner is successfully finished. Statistics: {"sum":0.097984075546265,"count":1,"realmem":0,"emalloc":137840,"realmem_start":55050240,"emalloc_start":52654904} [] []
[2024-12-10 09:29:20] main.INFO: Cron Job catalog_product_outdated_price_values_cleanup is run [] []
[2024-12-10 09:29:20] main.INFO: Cron Job catalog_product_outdated_price_values_cleanup is successfully finished. Statistics: {"sum":0.0010161399841309,"count":1,"realmem":0,"emalloc":3000,"realmem_start":55050240,"emalloc_start":51702712} [] []
[2024-12-10 09:29:20] main.INFO: Cron Job catalog_product_frontend_actions_flush is run [] []
[2024-12-10 09:29:20] main.INFO: Cron Job catalog_product_frontend_actions_flush is successfully finished. Statistics: {"sum":0.019073009490967,"count":1,"realmem":0,"emalloc":1448,"realmem_start":55050240,"emalloc_start":51736272} [] []
[2024-12-10 09:29:20] main.INFO: Cron Job sales_grid_order_async_insert is run [] []
[2024-12-10 09:29:20] main.INFO: Cron Job sales_grid_order_async_insert is successfully finished. Statistics: {"sum":0.00018596649169922,"count":1,"realmem":0,"emalloc":1072,"realmem_start":55050240,"emalloc_start":51912888} [] []
[2024-12-10 09:29:20] main.INFO: Cron Job sales_grid_order_invoice_async_insert is run [] []
[2024-12-10 09:29:20] main.INFO: Cron Job sales_grid_order_invoice_async_insert is successfully finished. Statistics: {"sum":0.00020098686218262,"count":1,"realmem":0,"emalloc":1072,"realmem_start":55050240,"emalloc_start":51916608} [] []
[2024-12-10 09:29:20] main.INFO: Cron Job sales_grid_order_shipment_async_insert is run [] []
[2024-12-10 09:29:20] main.INFO: Cron Job sales_grid_order_shipment_async_insert is successfully finished. Statistics: {"sum":0.00018191337585449,"count":1,"realmem":0,"emalloc":1072,"realmem_start":55050240,"emalloc_start":51919672} [] []
[2024-12-10 09:29:20] main.INFO: Cron Job sales_grid_order_creditmemo_async_insert is run [] []
[2024-12-10 09:29:20] main.INFO: Cron Job sales_grid_order_creditmemo_async_insert is successfully finished. Statistics: {"sum":0.0002281665802002,"count":1,"realmem":0,"emalloc":1072,"realmem_start":55050240,"emalloc_start":51922736} [] []
[2024-12-10 09:29:20] main.INFO: Cron Job sales_send_order_emails is run [] []
[2024-12-10 09:29:20] main.INFO: Cron Job sales_send_order_emails is successfully finished. Statistics: {"sum":0.00042104721069336,"count":1,"realmem":0,"emalloc":1104,"realmem_start":57147392,"emalloc_start":55400088} [] []
[2024-12-10 09:29:21] main.INFO: Cron Job outdated_authentication_failures_cleanup is run [] []
[2024-12-10 09:29:21] main.INFO: Cron Job outdated_authentication_failures_cleanup is successfully finished. Statistics: {"sum":0.013395071029663,"count":1,"realmem":0,"emalloc":1448,"realmem_start":57147392,"emalloc_start":55839728} [] []
[2024-12-10 09:29:21] main.INFO: Cron Job inventory_in_store_pickup_sales_send_order_notified_emails is run [] []
[2024-12-10 09:29:21] main.INFO: Cron Job inventory_in_store_pickup_sales_send_order_notified_emails is successfully finished. Statistics: {"sum":0.00015497207641602,"count":1,"realmem":0,"emalloc":1104,"realmem_start":57147392,"emalloc_start":55945200} [] []
[2024-12-10 09:29:21] main.INFO: Cron Job bulk_cleanup is run [] []
[2024-12-10 09:29:21] main.INFO: Cron Job bulk_cleanup is successfully finished. Statistics: {"sum":0.0029909610748291,"count":1,"realmem":0,"emalloc":5744,"realmem_start":57147392,"emalloc_start":55958744} [] []
[2024-12-10 09:31:08] main.INFO: 0 cron jobs were cleaned [] []
[2024-12-10 09:31:08] main.INFO: Cron Job catalog_product_outdated_price_values_cleanup is run [] []
[2024-12-10 09:31:09] main.INFO: Cron Job catalog_product_outdated_price_values_cleanup is successfully finished. Statistics: {"sum":0.019080877304077,"count":1,"realmem":0,"emalloc":3000,"realmem_start":52953088,"emalloc_start":51129320} [] []
[2024-12-10 09:31:09] main.INFO: Cron Job catalog_product_frontend_actions_flush is run [] []
[2024-12-10 09:31:09] main.INFO: Cron Job catalog_product_frontend_actions_flush is successfully finished. Statistics: {"sum":0.012666940689087,"count":1,"realmem":0,"emalloc":1448,"realmem_start":52953088,"emalloc_start":51162880} [] []
[2024-12-10 09:31:09] main.INFO: Cron Job catalog_product_attribute_value_synchronize is run [] []
[2024-12-10 09:31:09] main.INFO: Cron Job catalog_product_attribute_value_synchronize is successfully finished. Statistics: {"sum":0.0057408809661865,"count":1,"realmem":0,"emalloc":24672,"realmem_start":52953088,"emalloc_start":51217144} [] []
[2024-12-10 09:31:09] main.INFO: Cron Job sales_grid_order_async_insert is run [] []
[2024-12-10 09:31:09] main.INFO: Cron Job sales_grid_order_async_insert is successfully finished. Statistics: {"sum":0.00067305564880371,"count":1,"realmem":0,"emalloc":1072,"realmem_start":55050240,"emalloc_start":51417008} [] []
[2024-12-10 09:31:09] main.INFO: Cron Job sales_grid_order_invoice_async_insert is run [] []
[2024-12-10 09:31:09] main.INFO: Cron Job sales_grid_order_invoice_async_insert is successfully finished. Statistics: {"sum":0.00018000602722168,"count":1,"realmem":0,"emalloc":1072,"realmem_start":55050240,"emalloc_start":51420728} [] []
[2024-12-10 09:31:09] main.INFO: Cron Job sales_grid_order_shipment_async_insert is run [] []
[2024-12-10 09:31:09] main.INFO: Cron Job sales_grid_order_shipment_async_insert is successfully finished. Statistics: {"sum":0.00041294097900391,"count":1,"realmem":0,"emalloc":1072,"realmem_start":55050240,"emalloc_start":51423792} [] []
[2024-12-10 09:31:09] main.INFO: Cron Job sales_grid_order_creditmemo_async_insert is run [] []
[2024-12-10 09:31:09] main.INFO: Cron Job sales_grid_order_creditmemo_async_insert is successfully finished. Statistics: {"sum":0.00056791305541992,"count":1,"realmem":0,"emalloc":1072,"realmem_start":55050240,"emalloc_start":51426856} [] []
[2024-12-10 09:31:09] main.INFO: Cron Job sales_send_order_emails is run [] []
[2024-12-10 09:31:09] main.INFO: Cron Job sales_send_order_emails is successfully finished. Statistics: {"sum":0.00026988983154297,"count":1,"realmem":0,"emalloc":1024,"realmem_start":57147392,"emalloc_start":54812376} [] []
[2024-12-10 09:31:09] main.INFO: Cron Job sales_send_order_invoice_emails is run [] []
[2024-12-10 09:31:09] main.INFO: Cron Job sales_send_order_invoice_emails is successfully finished. Statistics: {"sum":0.00018000602722168,"count":1,"realmem":0,"emalloc":1104,"realmem_start":57147392,"emalloc_start":55926800} [] []
[2024-12-10 09:31:09] main.INFO: Cron Job sales_send_order_shipment_emails is run [] []
[2024-12-10 09:31:09] main.INFO: Cron Job sales_send_order_shipment_emails is successfully finished. Statistics: {"sum":0.00035500526428223,"count":1,"realmem":0,"emalloc":1104,"realmem_start":59244544,"emalloc_start":56562168} [] []
[2024-12-10 09:31:10] main.INFO: Cron Job sales_send_order_creditmemo_emails is run [] []
[2024-12-10 09:31:10] main.INFO: Cron Job sales_send_order_creditmemo_emails is successfully finished. Statistics: {"sum":0.00040793418884277,"count":1,"realmem":0,"emalloc":1104,"realmem_start":59244544,"emalloc_start":57148160} [] []
[2024-12-10 09:31:10] main.INFO: Cron Job outdated_authentication_failures_cleanup is run [] []
[2024-12-10 09:31:10] main.INFO: Cron Job outdated_authentication_failures_cleanup is successfully finished. Statistics: {"sum":0.003572940826416,"count":1,"realmem":0,"emalloc":1448,"realmem_start":59244544,"emalloc_start":57171232} [] []
[2024-12-10 09:31:10] main.INFO: Cron Job captcha_delete_old_attempts is run [] []
[2024-12-10 09:31:10] main.INFO: Cron Job captcha_delete_old_attempts is successfully finished. Statistics: {"sum":0.0070040225982666,"count":1,"realmem":0,"emalloc":26088,"realmem_start":59244544,"emalloc_start":57179496} [] []
[2024-12-10 09:31:10] main.INFO: Cron Job captcha_delete_expired_images is run [] []
[2024-12-10 09:31:10] main.INFO: Cron Job captcha_delete_expired_images is successfully finished. Statistics: {"sum":0.11560893058777,"count":1,"realmem":2097152,"emalloc":1287424,"realmem_start":59244544,"emalloc_start":57310512} [] []
[2024-12-10 09:31:10] main.INFO: Cron Job inventory_in_store_pickup_sales_send_order_notified_emails is run [] []
[2024-12-10 09:31:10] main.INFO: Cron Job inventory_in_store_pickup_sales_send_order_notified_emails is successfully finished. Statistics: {"sum":0.00039505958557129,"count":1,"realmem":0,"emalloc":1072,"realmem_start":61341696,"emalloc_start":58685328} [] []
[2024-12-10 09:31:10] main.INFO: Cron Job magento_newrelicreporting_cron is run [] []
[2024-12-10 09:31:10] main.INFO: Cron Job magento_newrelicreporting_cron is successfully finished. Statistics: {"sum":0.001168966293335,"count":1,"realmem":0,"emalloc":1104,"realmem_start":61341696,"emalloc_start":60281768} [] []
[2024-12-10 09:31:10] main.INFO: Cron Job newsletter_send_all is run [] []
[2024-12-10 09:31:11] main.INFO: Cron Job indexer_reindex_all_invalid is run [] []
[2024-12-10 09:31:11] main.INFO: Cron Job newsletter_send_all is successfully finished. Statistics: {"sum":0.64071011543274,"count":1,"realmem":2097152,"emalloc":934864,"realmem_start":61341696,"emalloc_start":60299552} [] []
[2024-12-10 09:31:11] main.INFO: Cron Job bulk_cleanup is run [] []
[2024-12-10 09:31:11] main.INFO: Cron Job bulk_cleanup is successfully finished. Statistics: {"sum":0.0059459209442139,"count":1,"realmem":0,"emalloc":5744,"realmem_start":63438848,"emalloc_start":61242304} [] []
[2024-12-10 09:31:11] main.INFO: Cron Job indexer_reindex_all_invalid is successfully finished. Statistics: {"sum":0.42162299156189,"count":1,"realmem":2097152,"emalloc":542656,"realmem_start":52953088,"emalloc_start":50535904} [] []
[2024-12-10 09:31:11] main.INFO: Cron Job indexer_update_all_views is run [] []
[2024-12-10 09:31:11] main.INFO: Cron Job indexer_update_all_views is successfully finished. Statistics: {"sum":0.1760618686676,"count":1,"realmem":0,"emalloc":178880,"realmem_start":55050240,"emalloc_start":51081136} [] []
[2024-12-10 09:31:11] main.INFO: Cron Job yotpo_yotpo_orders_sync is run [] []
[2024-12-10 09:31:11] main.INFO: Cron Job get_amazon_capture_updates is run [] []
[2024-12-10 09:31:12] main.INFO: Cron Job consumers_runner is run [] []
[2024-12-10 09:31:12] main.INFO: Cron Job get_amazon_capture_updates is successfully finished. Statistics: {"sum":0.16476392745972,"count":1,"realmem":0,"emalloc":338096,"realmem_start":63438848,"emalloc_start":61987888} [] []
[2024-12-10 09:31:12] main.INFO: Cron Job yotpo_yotpo_orders_sync is successfully finished. Statistics: {"sum":0.32503986358643,"count":1,"realmem":0,"emalloc":458016,"realmem_start":55050240,"emalloc_start":50845056} [] []
[2024-12-10 09:31:12] main.INFO: Cron Job consumers_runner is successfully finished. Statistics: {"sum":0.40742588043213,"count":1,"realmem":0,"emalloc":203424,"realmem_start":55050240,"emalloc_start":52085248} [] []
[2024-12-10 09:31:12] main.INFO: Cron Job get_amazon_authorization_updates is run [] []
[2024-12-10 09:31:12] main.INFO: Cron Job get_amazon_authorization_updates is successfully finished. Statistics: {"sum":0.057369947433472,"count":1,"realmem":0,"emalloc":344496,"realmem_start":67633152,"emalloc_start":65641296} [] []
[2024-12-10 09:31:12] main.INFO: Cron Job amazon_payments_process_queued_refunds is run [] []
[2024-12-10 09:31:12] main.INFO: Cron Job amazon_payments_process_queued_refunds is successfully finished. Statistics: {"sum":0.023808002471924,"count":1,"realmem":0,"emalloc":376568,"realmem_start":67633152,"emalloc_start":66016840} [] []
[2024-12-10 09:31:13] main.INFO: Cron Job ddg_automation_abandonedcarts is run [] []
[2024-12-10 09:31:13] main.INFO: Cron Job ddg_automation_campaign is run [] []
[2024-12-10 09:31:13] main.INFO: Cron Job ddg_automation_abandonedcarts is successfully finished. Statistics: {"sum":0.14498400688171,"count":1,"realmem":2097152,"emalloc":1298712,"realmem_start":61341696,"emalloc_start":59796872} [] []
[2024-12-10 09:31:13] main.INFO: Cron Job ddg_automation_campaign is successfully finished. Statistics: {"sum":0.27966904640198,"count":1,"realmem":2097152,"emalloc":1430256,"realmem_start":61341696,"emalloc_start":59955792} [] []
[2024-12-10 09:31:13] main.INFO: Cron Job ddg_automation_catalog_sync is run [] []
[2024-12-10 09:31:13] main.INFO: Cron Job ddg_automation_catalog_sync is successfully finished. Statistics: {"sum":0.059382915496826,"count":1,"realmem":0,"emalloc":717104,"realmem_start":63438848,"emalloc_start":61386320} [] []
[2024-12-10 09:31:13] main.INFO: Cron Job ddg_automation_customer_subscriber_guest_sync is run [] []
[2024-12-10 09:31:13] main.INFO: Cron Job ddg_automation_customer_subscriber_guest_sync is successfully finished. Statistics: {"sum":0.066276073455811,"count":1,"realmem":0,"emalloc":748392,"realmem_start":63438848,"emalloc_start":62102936} [] []
[2024-12-10 09:31:13] main.INFO: Cron Job ddg_automation_importer is run [] []
[2024-12-10 09:31:13] main.INFO: Cron Job ddg_automation_importer is successfully finished. Statistics: {"sum":0.012628078460693,"count":1,"realmem":2097152,"emalloc":123872,"realmem_start":63438848,"emalloc_start":62850920} [] []
[2024-12-10 09:31:13] main.INFO: Cron Job ddg_automation_monitor is run [] []
[2024-12-10 09:31:14] main.INFO: Cron Job ddg_automation_monitor is successfully finished. Statistics: {"sum":0.25956511497498,"count":1,"realmem":0,"emalloc":1045416,"realmem_start":65536000,"emalloc_start":62974384} [] []
[2024-12-10 09:31:14] main.INFO: Cron Job ddg_automation_order_sync is run [] []
[2024-12-10 09:31:14] main.INFO: Cron Job ddg_automation_order_sync is successfully finished. Statistics: {"sum":0.19385409355164,"count":1,"realmem":2097152,"emalloc":2001672,"realmem_start":65536000,"emalloc_start":64019392} [] []
[2024-12-10 09:31:14] main.INFO: Cron Job ddg_automation_reviews_and_wishlist is run [] []
[2024-12-10 09:31:14] main.INFO: Cron Job ddg_automation_reviews_and_wishlist is successfully finished. Statistics: {"sum":0.10048508644104,"count":1,"realmem":0,"emalloc":312384,"realmem_start":67633152,"emalloc_start":66020560} [] []
